trait1
         gene2      None     gene9    gene13   gene10  ...      cov2  trait1       cov3       cov4        PRS
4890     0.000  2939.370     0.000  3686.160    0.000  ...  1.112994       1   8.832450  49.588979   54.72460
1411     0.000     0.000   374.477   528.739    0.000  ...  2.679586       2  15.350092  33.250171  -19.01660
4238     0.000     0.000  1308.280     0.000    0.000  ... -8.648641       2  11.831823  30.823245   27.19710
3908     0.000     0.000     0.000     0.000    0.000  ...  5.622179       2  12.223416  21.333339    6.60774
2978   353.297     0.000     0.000   974.530    0.000  ...  2.689777       1   7.652733  47.634523  -10.88220
...        ...       ...       ...       ...      ...  ...       ...     ...        ...        ...        ...
2467     0.000     0.000     0.000  1689.250    0.000  ... -9.371090       1  13.958992  32.061965  -60.66130
3656     0.000     0.000  1307.230  1641.650  382.792  ... -2.025151       2  13.376820  30.402953  -18.66940
3655   556.694   299.368   386.350  2630.650    0.000  ... -1.368095       2  13.869604  35.986756   51.74870
499   1797.340     0.000     0.000   427.772    0.000  ... -6.400449       1   9.488696  35.203969  323.10200
4137     0.000     0.000   915.128   427.772    0.000  ... -1.608245       1  10.648588  38.588111 -119.44200

[3743 rows x 26 columns]
False
5
554     1
2212    0
165     0
4458    1
3571    1
       ..
2389    0
4025    1
708     0
2138    0
2382    1
Name: trait1, Length: 2807, dtype: int32
False
Pipeline(memory=None,
         steps=[('fix_imbalance',
                 SMOTE(k_neighbors=5, n_jobs=None, random_state=6341,
                       sampling_strategy='auto'))],
         verbose=False)
10
{'target_param', 'data_before_preprocess', 'log_plots_param', 'iterative_imputation_iters_param', 'y_train', 'gpu_param', '_internal_pipeline', 'fold_param', 'pycaret_globals', 'stratify_param', 'logging_param', 'transform_target_method_param', 'y', '_gpu_n_jobs_param', '_all_metrics', 'master_model_container', 'USI', 'fold_shuffle_param', '_all_models_internal', 'fix_imbalance_method_param', 'html_param', 'X_train', '_available_plots', 'X_test', 'display_container', 'X', 'fold_groups_param', 'seed', 'n_jobs_param', 'create_model_container', 'y_test', 'imputation_classifier', 'experiment__', 'exp_name_log', 'fold_generator', 'imputation_regressor', 'prep_pipe', 'transform_target_param', 'fix_imbalance_param', '_all_models', '_ml_usecase'}
False
False
box-cox
4890    0
1411    1
4238    1
3908    1
2978    0
       ..
2467    0
3656    1
3655    1
499     0
4137    0
Name: trait1, Length: 3743, dtype: int64
-1
{'acc': <pycaret.containers.metrics.classification.AccuracyMetricContainer object at 0x0000021681A7F888>, 'auc': <pycaret.containers.metrics.classification.ROCAUCMetricContainer object at 0x0000021681A7F9C8>, 'recall': <pycaret.containers.metrics.classification.RecallMetricContainer object at 0x0000021681A7FA48>, 'precision': <pycaret.containers.metrics.classification.PrecisionMetricContainer object at 0x0000021681A7FB48>, 'f1': <pycaret.containers.metrics.classification.F1MetricContainer object at 0x0000021681A7FC48>, 'kappa': <pycaret.containers.metrics.classification.KappaMetricContainer object at 0x0000021681A7FD88>, 'mcc': <pycaret.containers.metrics.classification.MCCMetricContainer object at 0x0000021681A7FDC8>}
[LogisticRegression(C=1.0, class_weight=None, dual=False, fit_intercept=True,
                   intercept_scaling=1, l1_ratio=None, max_iter=1000,
                   multi_class='auto', n_jobs=None, penalty='l2',
                   random_state=6341, solver='lbfgs', tol=0.0001, verbose=0,
                   warm_start=False), KNeighborsClassifier(algorithm='auto', leaf_size=30, metric='minkowski',
                     metric_params=None, n_jobs=-1, n_neighbors=5, p=2,
                     weights='uniform'), GaussianNB(priors=None, var_smoothing=1e-09), DecisionTreeClassifier(ccp_alpha=0.0, class_weight=None, criterion='gini',
                       max_depth=None, max_features=None, max_leaf_nodes=None,
                       min_impurity_decrease=0.0, min_impurity_split=None,
                       min_samples_leaf=1, min_samples_split=2,
                       min_weight_fraction_leaf=0.0, presort='deprecated',
                       random_state=6341, splitter='best'), SGDClassifier(alpha=0.0001, average=False, class_weight=None,
              early_stopping=False, epsilon=0.1, eta0=0.001, fit_intercept=True,
              l1_ratio=0.15, learning_rate='optimal', loss='hinge',
              max_iter=1000, n_iter_no_change=5, n_jobs=-1, penalty='l2',
              power_t=0.5, random_state=6341, shuffle=True, tol=0.001,
              validation_fraction=0.1, verbose=0, warm_start=False), RidgeClassifier(alpha=1.0, class_weight=None, copy_X=True, fit_intercept=True,
                max_iter=None, normalize=False, random_state=6341,
                solver='auto', tol=0.001), RandomForestClassifier(bootstrap=True, ccp_alpha=0.0, class_weight=None,
                       criterion='gini', max_depth=None, max_features='auto',
                       max_leaf_nodes=None, max_samples=None,
                       min_impurity_decrease=0.0, min_impurity_split=None,
                       min_samples_leaf=1, min_samples_split=2,
                       min_weight_fraction_leaf=0.0, n_estimators=100,
                       n_jobs=-1, oob_score=False, random_state=6341, verbose=0,
                       warm_start=False), QuadraticDiscriminantAnalysis(priors=None, reg_param=0.0,
                              store_covariance=False, tol=0.0001), AdaBoostClassifier(algorithm='SAMME.R', base_estimator=None, learning_rate=1.0,
                   n_estimators=50, random_state=6341), GradientBoostingClassifier(ccp_alpha=0.0, criterion='friedman_mse', init=None,
                           learning_rate=0.1, loss='deviance', max_depth=3,
                           max_features=None, max_leaf_nodes=None,
                           min_impurity_decrease=0.0, min_impurity_split=None,
                           min_samples_leaf=1, min_samples_split=2,
                           min_weight_fraction_leaf=0.0, n_estimators=100,
                           n_iter_no_change=None, presort='deprecated',
                           random_state=6341, subsample=1.0, tol=0.0001,
                           validation_fraction=0.1, verbose=0,
                           warm_start=False), LinearDiscriminantAnalysis(n_components=None, priors=None, shrinkage=None,
                           solver='svd', store_covariance=False, tol=0.0001), ExtraTreesClassifier(bootstrap=False, ccp_alpha=0.0, class_weight=None,
                     criterion='gini', max_depth=None, max_features='auto',
                     max_leaf_nodes=None, max_samples=None,
                     min_impurity_decrease=0.0, min_impurity_split=None,
                     min_samples_leaf=1, min_samples_split=2,
                     min_weight_fraction_leaf=0.0, n_estimators=100, n_jobs=-1,
                     oob_score=False, random_state=6341, verbose=0,
                     warm_start=False), LGBMClassifier(boosting_type='gbdt', class_weight=None, colsample_bytree=1.0,
               importance_type='split', learning_rate=0.1, max_depth=-1,
               min_child_samples=20, min_child_weight=0.001, min_split_gain=0.0,
               n_estimators=100, n_jobs=-1, num_leaves=31, objective=None,
               random_state=6341, reg_alpha=0.0, reg_lambda=0.0, silent=True,
               subsample=1.0, subsample_for_bin=200000, subsample_freq=0), GradientBoostingClassifier(ccp_alpha=0.0, criterion='friedman_mse', init=None,
                           learning_rate=0.1, loss='deviance', max_depth=3,
                           max_features=None, max_leaf_nodes=None,
                           min_impurity_decrease=0.0, min_impurity_split=None,
                           min_samples_leaf=1, min_samples_split=2,
                           min_weight_fraction_leaf=0.0, n_estimators=100,
                           n_iter_no_change=None, presort='deprecated',
                           random_state=6341, subsample=1.0, tol=0.0001,
                           validation_fraction=0.1, verbose=0,
                           warm_start=False), GradientBoostingClassifier(ccp_alpha=0.0, criterion='friedman_mse', init=None,
                           learning_rate=0.3, loss='deviance', max_depth=9,
                           max_features=1.0, max_leaf_nodes=None,
                           min_impurity_decrease=0.3, min_impurity_split=None,
                           min_samples_leaf=3, min_samples_split=7,
                           min_weight_fraction_leaf=0.0, n_estimators=230,
                           n_iter_no_change=None, presort='deprecated',
                           random_state=6341, subsample=0.9, tol=0.0001,
                           validation_fraction=0.1, verbose=0,
                           warm_start=False), GradientBoostingClassifier(ccp_alpha=0.0, criterion='friedman_mse', init=None,
                           learning_rate=0.3, loss='deviance', max_depth=9,
                           max_features=1.0, max_leaf_nodes=None,
                           min_impurity_decrease=0.3, min_impurity_split=None,
                           min_samples_leaf=3, min_samples_split=7,
                           min_weight_fraction_leaf=0.0, n_estimators=230,
                           n_iter_no_change=None, presort='deprecated',
                           random_state=6341, subsample=0.9, tol=0.0001,
                           validation_fraction=0.1, verbose=0,
                           warm_start=False)]
1b07
False
{'lr': <pycaret.containers.models.classification.LogisticRegressionClassifierContainer object at 0x00000216DD6E5A88>, 'knn': <pycaret.containers.models.classification.KNeighborsClassifierContainer object at 0x0000021681A67288>, 'nb': <pycaret.containers.models.classification.GaussianNBClassifierContainer object at 0x0000021681A674C8>, 'dt': <pycaret.containers.models.classification.DecisionTreeClassifierContainer object at 0x0000021681A67588>, 'svm': <pycaret.containers.models.classification.SGDClassifierContainer object at 0x0000021681A679C8>, 'rbfsvm': <pycaret.containers.models.classification.SVCClassifierContainer object at 0x0000021681A67F08>, 'gpc': <pycaret.containers.models.classification.GaussianProcessClassifierContainer object at 0x00000216FDAB1C88>, 'mlp': <pycaret.containers.models.classification.MLPClassifierContainer object at 0x0000021681A60EC8>, 'ridge': <pycaret.containers.models.classification.RidgeClassifierContainer object at 0x0000021681A6E3C8>, 'rf': <pycaret.containers.models.classification.RandomForestClassifierContainer object at 0x0000021681A67A48>, 'qda': <pycaret.containers.models.classification.QuadraticDiscriminantAnalysisContainer object at 0x0000021681A6EC88>, 'ada': <pycaret.containers.models.classification.AdaBoostClassifierContainer object at 0x0000021681A6ED88>, 'gbc': <pycaret.containers.models.classification.GradientBoostingClassifierContainer object at 0x0000021681A6EFC8>, 'lda': <pycaret.containers.models.classification.LinearDiscriminantAnalysisContainer object at 0x0000021681A6F548>, 'et': <pycaret.containers.models.classification.ExtraTreesClassifierContainer object at 0x0000021681A6F6C8>, 'lightgbm': <pycaret.containers.models.classification.LGBMClassifierContainer object at 0x0000021681A6FD88>, 'Bagging': <pycaret.containers.models.classification.BaggingClassifierContainer object at 0x0000021681A7F508>, 'Stacking': <pycaret.containers.models.classification.StackingClassifierContainer object at 0x0000021681A6FD48>, 'Voting': <pycaret.containers.models.classification.VotingClassifierContainer object at 0x0000021681A7F8C8>, 'CalibratedCV': <pycaret.containers.models.classification.CalibratedClassifierCVContainer object at 0x0000021681A7F948>}
None
True
           gene2         None        gene9       gene13  ...       cov3       cov4         PRS  cov1_1
554     0.000000  3238.729980   666.320007   382.321014  ...  13.790985  23.442400 -146.882004     1.0
2212    0.000000     0.000000   836.747986   284.153992  ...  11.872849  35.095119   15.465400     0.0
165     0.000000     0.000000   693.856995  1662.349976  ...  12.796681  41.983803  120.846001     0.0
4458    0.000000     0.000000   915.127991  1625.130005  ...  13.885726  28.054691 -175.766998     1.0
3571    0.000000     0.000000     0.000000     0.000000  ...  13.568913  29.428761  100.568001     1.0
...          ...          ...          ...          ...  ...        ...        ...         ...     ...
2389    0.000000     0.000000     0.000000     0.000000  ...   9.089461  47.109550  -29.010500     1.0
4025    0.000000  1418.290039  1368.719971   443.701996  ...  11.727562  33.547951    0.332351     1.0
708   698.526978   590.286011     0.000000  1333.209961  ...   8.292381  43.323845   68.811996     1.0
2138  284.967010     0.000000   661.538025  1072.699951  ...  11.301930  48.709232  -64.770103     1.0
2382    0.000000   516.619995     0.000000   405.277008  ...  14.804007  21.120647   71.040298     1.0

[2807 rows x 25 columns]
{'parameter': 'Hyperparameters', 'auc': 'AUC', 'confusion_matrix': 'Confusion Matrix', 'threshold': 'Threshold', 'pr': 'Precision Recall', 'error': 'Prediction Error', 'class_report': 'Class Report', 'rfe': 'Feature Selection', 'learning': 'Learning Curve', 'manifold': 'Manifold Learning', 'calibration': 'Calibration Curve', 'vc': 'Validation Curve', 'dimension': 'Dimensions', 'feature': 'Feature Importance', 'feature_all': 'Feature Importance (All)', 'boundary': 'Decision Boundary', 'lift': 'Lift Chart', 'gain': 'Gain Chart', 'tree': 'Decision Tree'}
            gene2         None       gene9       gene13  ...       cov3       cov4         PRS  cov1_1
366    509.106995     0.000000  940.018005   528.739014  ...   9.446186  42.510242   22.432600     0.0
2685   553.997009     0.000000  661.538025   818.927979  ...  13.411043  32.278961  -44.531300     1.0
4701     0.000000   681.388000  531.968994   888.377991  ...  13.429929  38.332779   16.804899     1.0
758      0.000000     0.000000    0.000000  1039.180054  ...  10.120728  47.727341   43.139500     0.0
3134     0.000000     0.000000    0.000000   754.892029  ...  10.812490  33.660637  134.895996     0.0
...           ...          ...         ...          ...  ...        ...        ...         ...     ...
4010  1610.280029   579.731018    0.000000     0.000000  ...   9.599632  30.478199   99.838699     1.0
1911   284.967010     0.000000    0.000000   923.817017  ...  12.757334  38.931137  136.341995     0.0
3231   284.967010     0.000000    0.000000   541.872986  ...  10.759234  33.543026   51.336102     1.0
3166     0.000000  1231.030029    0.000000   371.600006  ...  11.235307  43.446575  115.464996     1.0
4063   358.880005     0.000000    0.000000   492.950012  ...  13.215184  38.905117  113.228996     1.0

[936 rows x 25 columns]
[<pandas.io.formats.style.Styler object at 0x000002168099DC08>,                                     Model  Accuracy     AUC  Recall   Prec.      F1   Kappa     MCC  TT (Sec)
gbc          Gradient Boosting Classifier    0.9223  0.9816  0.9036  0.8522  0.8770  0.8203  0.8212     1.557
lightgbm  Light Gradient Boosting Machine    0.9213  0.9809  0.8862  0.8613  0.8735  0.8164  0.8166     0.716
ada                  Ada Boost Classifier    0.9156  0.9793  0.8838  0.8482  0.8654  0.8040  0.8046     0.547
rf               Random Forest Classifier    0.9213  0.9766  0.9094  0.8457  0.8763  0.8186  0.8199     0.829
et                 Extra Trees Classifier    0.9120  0.9734  0.8653  0.8511  0.8577  0.7940  0.7945     0.554
lda          Linear Discriminant Analysis    0.8942  0.9664  0.9152  0.7800  0.8417  0.7631  0.7691     0.058
lr                    Logistic Regression    0.8611  0.9350  0.8513  0.7384  0.7898  0.6869  0.6919     2.348
qda       Quadratic Discriminant Analysis    0.8461  0.9011  0.8315  0.7151  0.7680  0.6540  0.6592     0.062
nb                            Naive Bayes    0.8272  0.8989  0.8629  0.6707  0.7540  0.6242  0.6369     0.046
dt               Decision Tree Classifier    0.8978  0.8819  0.8409  0.8292  0.8346  0.7606  0.7611     0.080
knn                K Neighbors Classifier    0.7111  0.7831  0.7618  0.5200  0.6174  0.3984  0.4182     0.138
svm                   SVM - Linear Kernel    0.5636  0.0000  0.4419  0.2796  0.2651  0.0502  0.0819     0.122
ridge                    Ridge Classifier    0.8942  0.0000  0.9152  0.7800  0.8417  0.7631  0.7691     0.076,       Accuracy     AUC  Recall   Prec.      F1   Kappa     MCC
0       0.9217  0.9797  0.9080  0.8495  0.8778  0.8203  0.8213
1       0.9075  0.9795  0.8721  0.8333  0.8523  0.7850  0.7854
2       0.9217  0.9818  0.9302  0.8333  0.8791  0.8215  0.8242
3       0.9217  0.9834  0.8837  0.8636  0.8736  0.8169  0.8170
4       0.9359  0.9871  0.9419  0.8617  0.9000  0.8530  0.8548
5       0.9502  0.9893  0.9535  0.8913  0.9213  0.8850  0.8860
6       0.9253  0.9770  0.9070  0.8571  0.8814  0.8269  0.8276
7       0.9393  0.9857  0.9186  0.8876  0.9029  0.8587  0.8590
8       0.8929  0.9724  0.8488  0.8111  0.8295  0.7515  0.7519
9       0.9071  0.9799  0.8721  0.8333  0.8523  0.7846  0.7850
Mean    0.9223  0.9816  0.9036  0.8522  0.8770  0.8203  0.8212
SD      0.0161  0.0048  0.0321  0.0241  0.0258  0.0375  0.0377,       Accuracy     AUC  Recall   Prec.      F1   Kappa     MCC
0       0.9395  0.9817  0.9540  0.8646  0.9071  0.8624  0.8647
1       0.9004  0.9753  0.8953  0.8021  0.8462  0.7728  0.7754
2       0.9288  0.9782  0.9070  0.8667  0.8864  0.8346  0.8350
3       0.9288  0.9803  0.8953  0.8750  0.8851  0.8335  0.8336
4       0.9288  0.9883  0.9535  0.8367  0.8913  0.8387  0.8427
5       0.9288  0.9853  0.9302  0.8511  0.8889  0.8367  0.8385
6       0.9217  0.9759  0.8721  0.8721  0.8721  0.8157  0.8157
7       0.9000  0.9822  0.8953  0.8021  0.8462  0.7724  0.7750
8       0.9000  0.9752  0.8721  0.8152  0.8427  0.7695  0.7705
9       0.9214  0.9787  0.8953  0.8556  0.8750  0.8178  0.8182
Mean    0.9198  0.9801  0.9070  0.8441  0.8741  0.8154  0.8169
SD      0.0137  0.0041  0.0281  0.0270  0.0210  0.0311  0.0311]
            gene2         None        gene9       gene13  ...       cov3       cov4         PRS  cov1_1
4890     0.000000  2939.370117     0.000000  3686.159912  ...   8.832450  49.588978   54.724602     1.0
1411     0.000000     0.000000   374.476990   528.739014  ...  15.350092  33.250172  -19.016600     0.0
4238     0.000000     0.000000  1308.280029     0.000000  ...  11.831823  30.823244   27.197100     1.0
3908     0.000000     0.000000     0.000000     0.000000  ...  12.223416  21.333340    6.607740     1.0
2978   353.296997     0.000000     0.000000   974.530029  ...   7.652733  47.634521  -10.882200     1.0
...           ...          ...          ...          ...  ...        ...        ...         ...     ...
2467     0.000000     0.000000     0.000000  1689.250000  ...  13.958992  32.061966  -60.661301     0.0
3656     0.000000     0.000000  1307.229980  1641.650024  ...  13.376820  30.402952  -18.669399     1.0
3655   556.693970   299.368011   386.350006  2630.649902  ...  13.869604  35.986755   51.748699     0.0
499   1797.339966     0.000000     0.000000   427.772003  ...   9.488696  35.203968  323.101990     0.0
4137     0.000000     0.000000   915.127991   427.772003  ...  10.648588  38.588112 -119.442001     0.0

[3743 rows x 25 columns]
None
6341
-1
[      Accuracy     AUC  Recall   Prec.      F1   Kappa     MCC
0       0.8470  0.9306  0.8736  0.7037  0.7795  0.6644  0.6735
1       0.8648  0.9386  0.8837  0.7308  0.8000  0.6992  0.7064
2       0.8577  0.9296  0.8488  0.7300  0.7849  0.6795  0.6838
3       0.8541  0.9364  0.8256  0.7320  0.7760  0.6684  0.6710
4       0.8256  0.9326  0.8721  0.6637  0.7538  0.6226  0.6365
5       0.9181  0.9743  0.9535  0.8119  0.8770  0.8163  0.8222
6       0.8861  0.9348  0.8488  0.7935  0.8202  0.7370  0.7379
7       0.8607  0.9330  0.8488  0.7374  0.7892  0.6860  0.6897
8       0.8571  0.9295  0.8256  0.7396  0.7802  0.6749  0.6771
9       0.8393  0.9106  0.7326  0.7412  0.7368  0.6212  0.6212
Mean    0.8611  0.9350  0.8513  0.7384  0.7898  0.6869  0.6919
SD      0.0243  0.0150  0.0528  0.0392  0.0363  0.0538  0.0533,       Accuracy     AUC  Recall   Prec.      F1   Kappa     MCC
0       0.7224  0.8173  0.8161  0.5338  0.6455  0.4333  0.4598
1       0.7260  0.8041  0.7791  0.5360  0.6351  0.4275  0.4466
2       0.6940  0.8076  0.8256  0.5000  0.6228  0.3904  0.4254
3       0.7189  0.7790  0.7442  0.5289  0.6184  0.4057  0.4206
4       0.7011  0.7887  0.8140  0.5072  0.6250  0.3980  0.4289
5       0.7402  0.8106  0.8140  0.5512  0.6573  0.4603  0.4830
6       0.7153  0.7719  0.7209  0.5254  0.6078  0.3929  0.4050
7       0.6857  0.7621  0.7326  0.4922  0.5888  0.3499  0.3681
8       0.6821  0.7101  0.6395  0.4867  0.5528  0.3132  0.3202
9       0.7250  0.7797  0.7326  0.5385  0.6207  0.4128  0.4248
Mean    0.7111  0.7831  0.7618  0.5200  0.6174  0.3984  0.4182
SD      0.0183  0.0299  0.0560  0.0208  0.0281  0.0398  0.0439,       Accuracy     AUC  Recall   Prec.      F1   Kappa     MCC
0       0.7936  0.8876  0.8966  0.6142  0.7290  0.5715  0.5982
1       0.8221  0.9135  0.8721  0.6579  0.7500  0.6160  0.6308
2       0.8256  0.9305  0.9302  0.6504  0.7656  0.6335  0.6593
3       0.8612  0.9132  0.9186  0.7117  0.8020  0.6978  0.7113
4       0.8185  0.8770  0.8140  0.6667  0.7330  0.5976  0.6044
5       0.8541  0.8961  0.8721  0.7143  0.7853  0.6765  0.6842
6       0.8505  0.9332  0.8721  0.7075  0.7812  0.6696  0.6780
7       0.8321  0.9102  0.8488  0.6822  0.7565  0.6307  0.6395
8       0.8143  0.8619  0.8023  0.6635  0.7263  0.5877  0.5938
9       0.8000  0.8659  0.8023  0.6389  0.7113  0.5613  0.5699
Mean    0.8272  0.8989  0.8629  0.6707  0.7540  0.6242  0.6369
SD      0.0214  0.0241  0.0435  0.0315  0.0280  0.0438  0.0435,       Accuracy     AUC  Recall   Prec.      F1   Kappa     MCC
0       0.8932  0.8751  0.8276  0.8276  0.8276  0.7503  0.7503
1       0.8719  0.8622  0.8372  0.7660  0.8000  0.7060  0.7075
2       0.8968  0.8769  0.8256  0.8353  0.8304  0.7562  0.7563
3       0.8968  0.8931  0.8837  0.8000  0.8398  0.7639  0.7660
4       0.9324  0.9253  0.9070  0.8764  0.8914  0.8424  0.8426
5       0.9004  0.8762  0.8140  0.8537  0.8333  0.7623  0.7628
6       0.9039  0.8885  0.8488  0.8391  0.8439  0.7745  0.7746
7       0.8857  0.8625  0.8023  0.8214  0.8118  0.7297  0.7298
8       0.9036  0.8883  0.8488  0.8391  0.8439  0.7742  0.7742
9       0.8929  0.8709  0.8140  0.8333  0.8235  0.7466  0.7467
Mean    0.8978  0.8819  0.8409  0.8292  0.8346  0.7606  0.7611
SD      0.0146  0.0176  0.0311  0.0283  0.0231  0.0337  0.0335,       Accuracy  AUC  Recall   Prec.      F1   Kappa     MCC
0       0.4164  0.0  0.9885  0.3454  0.5119  0.0980  0.2158
1       0.6975  0.0  0.0698  0.5455  0.1237  0.0583  0.1049
2       0.4804  0.0  0.8721  0.3571  0.5068  0.1281  0.1907
3       0.6940  0.0  0.0000  0.0000  0.0000  0.0000  0.0000
4       0.3238  0.0  1.0000  0.3116  0.4751  0.0159  0.0894
5       0.6904  0.0  0.0000  0.0000  0.0000 -0.0071 -0.0397
6       0.6975  0.0  0.0930  0.5333  0.1584  0.0743  0.1171
7       0.3179  0.0  0.9767  0.3077  0.4680  0.0016  0.0074
8       0.6250  0.0  0.4186  0.3956  0.4068  0.1329  0.1331
9       0.6929  0.0  0.0000  0.0000  0.0000  0.0000  0.0000
Mean    0.5636  0.0  0.4419  0.2796  0.2651  0.0502  0.0819
SD      0.1536  0.0  0.4391  0.1988  0.2161  0.0526  0.0824,       Accuracy  AUC  Recall   Prec.      F1   Kappa     MCC
0       0.8612  0.0  0.9080  0.7182  0.8020  0.6974  0.7088
1       0.9004  0.0  0.9186  0.7900  0.8495  0.7756  0.7806
2       0.8861  0.0  0.9302  0.7547  0.8333  0.7483  0.7577
3       0.8861  0.0  0.8837  0.7755  0.8261  0.7420  0.7455
4       0.9110  0.0  0.9884  0.7798  0.8718  0.8051  0.8184
5       0.9324  0.0  0.9419  0.8526  0.8950  0.8453  0.8476
6       0.9075  0.0  0.9186  0.8061  0.8587  0.7903  0.7941
7       0.9036  0.0  0.8953  0.8105  0.8508  0.7798  0.7820
8       0.8893  0.0  0.9070  0.7723  0.8342  0.7519  0.7574
9       0.8643  0.0  0.8605  0.7400  0.7957  0.6950  0.6994
Mean    0.8942  0.0  0.9152  0.7800  0.8417  0.7631  0.7691
SD      0.0204  0.0  0.0329  0.0362  0.0287  0.0441  0.0434,       Accuracy     AUC  Recall   Prec.      F1   Kappa     MCC
0       0.9359  0.9781  0.9310  0.8710  0.9000  0.8530  0.8540
1       0.9146  0.9742  0.8953  0.8370  0.8652  0.8028  0.8038
2       0.9288  0.9791  0.9302  0.8511  0.8889  0.8367  0.8385
3       0.9110  0.9792  0.8721  0.8427  0.8571  0.7926  0.7928
4       0.9181  0.9794  0.9302  0.8247  0.8743  0.8140  0.8172
5       0.9395  0.9847  0.9419  0.8710  0.9050  0.8607  0.8622
6       0.9288  0.9721  0.9070  0.8667  0.8864  0.8346  0.8350
7       0.9214  0.9798  0.9070  0.8478  0.8764  0.8189  0.8199
8       0.9071  0.9672  0.8837  0.8261  0.8539  0.7860  0.7869
9       0.9071  0.9726  0.8953  0.8191  0.8556  0.7873  0.7890
Mean    0.9213  0.9766  0.9094  0.8457  0.8763  0.8186  0.8199
SD      0.0110  0.0048  0.0220  0.0183  0.0175  0.0256  0.0256,       Accuracy     AUC  Recall   Prec.      F1   Kappa     MCC
0       0.8256  0.8990  0.8851  0.6638  0.7586  0.6264  0.6423
1       0.8399  0.9101  0.8023  0.7113  0.7541  0.6360  0.6385
2       0.8577  0.9310  0.8953  0.7130  0.7938  0.6872  0.6976
3       0.8505  0.9153  0.8605  0.7115  0.7789  0.6676  0.6744
4       0.8185  0.8837  0.7791  0.6768  0.7243  0.5900  0.5933
5       0.8826  0.9017  0.8605  0.7789  0.8177  0.7314  0.7334
6       0.8754  0.9317  0.8605  0.7629  0.8087  0.7169  0.7197
7       0.8571  0.9057  0.8605  0.7255  0.7872  0.6809  0.6865
8       0.8357  0.8724  0.7442  0.7273  0.7356  0.6165  0.6166
9       0.8179  0.8607  0.7674  0.6804  0.7213  0.5868  0.5891
Mean    0.8461  0.9011  0.8315  0.7151  0.7680  0.6540  0.6592
SD      0.0214  0.0221  0.0506  0.0346  0.0327  0.0480  0.0484,       Accuracy     AUC  Recall   Prec.      F1   Kappa     MCC
0       0.9146  0.9802  0.8966  0.8387  0.8667  0.8039  0.8049
1       0.9181  0.9784  0.8721  0.8621  0.8671  0.8079  0.8080
2       0.9075  0.9754  0.8837  0.8261  0.8539  0.7863  0.7873
3       0.8968  0.9775  0.8721  0.8065  0.8380  0.7624  0.7637
4       0.9395  0.9878  0.9070  0.8966  0.9017  0.8580  0.8581
5       0.9502  0.9888  0.9302  0.9091  0.9195  0.8835  0.8836
6       0.9110  0.9765  0.8837  0.8352  0.8588  0.7939  0.7946
7       0.9107  0.9795  0.8721  0.8427  0.8571  0.7922  0.7925
8       0.9000  0.9740  0.8837  0.8085  0.8444  0.7710  0.7726
9       0.9071  0.9748  0.8372  0.8571  0.8471  0.7804  0.7805
Mean    0.9156  0.9793  0.8838  0.8482  0.8654  0.8040  0.8046
SD      0.0160  0.0049  0.0233  0.0323  0.0245  0.0363  0.0360,       Accuracy     AUC  Recall   Prec.      F1   Kappa     MCC
0       0.9217  0.9797  0.9080  0.8495  0.8778  0.8203  0.8213
1       0.9075  0.9795  0.8721  0.8333  0.8523  0.7850  0.7854
2       0.9217  0.9818  0.9302  0.8333  0.8791  0.8215  0.8242
3       0.9217  0.9834  0.8837  0.8636  0.8736  0.8169  0.8170
4       0.9359  0.9871  0.9419  0.8617  0.9000  0.8530  0.8548
5       0.9502  0.9893  0.9535  0.8913  0.9213  0.8850  0.8860
6       0.9253  0.9770  0.9070  0.8571  0.8814  0.8269  0.8276
7       0.9393  0.9857  0.9186  0.8876  0.9029  0.8587  0.8590
8       0.8929  0.9724  0.8488  0.8111  0.8295  0.7515  0.7519
9       0.9071  0.9799  0.8721  0.8333  0.8523  0.7846  0.7850
Mean    0.9223  0.9816  0.9036  0.8522  0.8770  0.8203  0.8212
SD      0.0161  0.0048  0.0321  0.0241  0.0258  0.0375  0.0377,       Accuracy     AUC  Recall   Prec.      F1   Kappa     MCC
0       0.8612  0.9605  0.9080  0.7182  0.8020  0.6974  0.7088
1       0.9004  0.9701  0.9186  0.7900  0.8495  0.7756  0.7806
2       0.8861  0.9648  0.9302  0.7547  0.8333  0.7483  0.7577
3       0.8861  0.9667  0.8837  0.7755  0.8261  0.7420  0.7455
4       0.9110  0.9774  0.9884  0.7798  0.8718  0.8051  0.8184
5       0.9324  0.9785  0.9419  0.8526  0.8950  0.8453  0.8476
6       0.9075  0.9651  0.9186  0.8061  0.8587  0.7903  0.7941
7       0.9036  0.9715  0.8953  0.8105  0.8508  0.7798  0.7820
8       0.8893  0.9588  0.9070  0.7723  0.8342  0.7519  0.7574
9       0.8643  0.9506  0.8605  0.7400  0.7957  0.6950  0.6994
Mean    0.8942  0.9664  0.9152  0.7800  0.8417  0.7631  0.7691
SD      0.0204  0.0081  0.0329  0.0362  0.0287  0.0441  0.0434,       Accuracy     AUC  Recall   Prec.      F1   Kappa     MCC
0       0.9004  0.9678  0.8736  0.8172  0.8444  0.7713  0.7722
1       0.9039  0.9722  0.8372  0.8471  0.8421  0.7731  0.7731
2       0.9146  0.9747  0.8837  0.8444  0.8636  0.8015  0.8019
3       0.9075  0.9740  0.8140  0.8750  0.8434  0.7778  0.7789
4       0.9324  0.9841  0.9186  0.8681  0.8927  0.8434  0.8441
5       0.9324  0.9820  0.8953  0.8851  0.8902  0.8413  0.8414
6       0.9253  0.9736  0.8721  0.8824  0.8772  0.8235  0.8235
7       0.9036  0.9727  0.8721  0.8242  0.8475  0.7770  0.7777
8       0.9000  0.9656  0.8605  0.8222  0.8409  0.7680  0.7685
9       0.9000  0.9675  0.8256  0.8452  0.8353  0.7635  0.7636
Mean    0.9120  0.9734  0.8653  0.8511  0.8577  0.7940  0.7945
SD      0.0126  0.0056  0.0304  0.0241  0.0205  0.0295  0.0294,       Accuracy     AUC  Recall   Prec.      F1   Kappa     MCC
0       0.9253  0.9796  0.8851  0.8750  0.8800  0.8257  0.8258
1       0.9146  0.9816  0.8837  0.8444  0.8636  0.8015  0.8019
2       0.9217  0.9813  0.8837  0.8636  0.8736  0.8169  0.8170
3       0.8968  0.9765  0.8488  0.8202  0.8343  0.7594  0.7596
4       0.9324  0.9844  0.9070  0.8764  0.8914  0.8424  0.8426
5       0.9288  0.9874  0.9070  0.8667  0.8864  0.8346  0.8350
6       0.9217  0.9776  0.8837  0.8636  0.8736  0.8169  0.8170
7       0.9321  0.9817  0.8953  0.8851  0.8902  0.8411  0.8411
8       0.9143  0.9779  0.8721  0.8523  0.8621  0.7999  0.8000
9       0.9250  0.9809  0.8953  0.8652  0.8800  0.8255  0.8257
Mean    0.9213  0.9809  0.8862  0.8613  0.8735  0.8164  0.8166
SD      0.0101  0.0031  0.0163  0.0176  0.0162  0.0235  0.0235,       Accuracy     AUC  Recall   Prec.      F1   Kappa     MCC
0       0.9217  0.9797  0.9080  0.8495  0.8778  0.8203  0.8213
1       0.9075  0.9795  0.8721  0.8333  0.8523  0.7850  0.7854
2       0.9217  0.9818  0.9302  0.8333  0.8791  0.8215  0.8242
3       0.9217  0.9834  0.8837  0.8636  0.8736  0.8169  0.8170
4       0.9359  0.9871  0.9419  0.8617  0.9000  0.8530  0.8548
5       0.9502  0.9893  0.9535  0.8913  0.9213  0.8850  0.8860
6       0.9253  0.9770  0.9070  0.8571  0.8814  0.8269  0.8276
7       0.9393  0.9857  0.9186  0.8876  0.9029  0.8587  0.8590
8       0.8929  0.9724  0.8488  0.8111  0.8295  0.7515  0.7519
9       0.9071  0.9799  0.8721  0.8333  0.8523  0.7846  0.7850
Mean    0.9223  0.9816  0.9036  0.8522  0.8770  0.8203  0.8212
SD      0.0161  0.0048  0.0321  0.0241  0.0258  0.0375  0.0377,       Accuracy     AUC  Recall   Prec.      F1   Kappa     MCC
0       0.9395  0.9817  0.9540  0.8646  0.9071  0.8624  0.8647
1       0.9004  0.9753  0.8953  0.8021  0.8462  0.7728  0.7754
2       0.9288  0.9782  0.9070  0.8667  0.8864  0.8346  0.8350
3       0.9288  0.9803  0.8953  0.8750  0.8851  0.8335  0.8336
4       0.9288  0.9883  0.9535  0.8367  0.8913  0.8387  0.8427
5       0.9288  0.9853  0.9302  0.8511  0.8889  0.8367  0.8385
6       0.9217  0.9759  0.8721  0.8721  0.8721  0.8157  0.8157
7       0.9000  0.9822  0.8953  0.8021  0.8462  0.7724  0.7750
8       0.9000  0.9752  0.8721  0.8152  0.8427  0.7695  0.7705
9       0.9214  0.9787  0.8953  0.8556  0.8750  0.8178  0.8182
Mean    0.9198  0.9801  0.9070  0.8441  0.8741  0.8154  0.8169
SD      0.0137  0.0041  0.0281  0.0270  0.0210  0.0311  0.0311,       Accuracy     AUC  Recall   Prec.      F1   Kappa     MCC
0       0.9200  0.9833  0.9123  0.8387  0.8739  0.8155  0.8171
1       0.9173  0.9789  0.8596  0.8673  0.8634  0.8042  0.8042
2       0.9280  0.9876  0.9386  0.8425  0.8880  0.8351  0.8378
3       0.9037  0.9759  0.8319  0.8468  0.8393  0.7706  0.7707
4       0.9305  0.9862  0.9204  0.8595  0.8889  0.8384  0.8394
5       0.9225  0.9818  0.9204  0.8387  0.8776  0.8211  0.8230
6       0.9251  0.9835  0.8938  0.8632  0.8783  0.8242  0.8245
7       0.9171  0.9829  0.8850  0.8475  0.8658  0.8059  0.8063
8       0.9305  0.9843  0.9123  0.8667  0.8889  0.8384  0.8389
9       0.9064  0.9801  0.9035  0.8110  0.8548  0.7860  0.7885
Mean    0.9201  0.9824  0.8978  0.8482  0.8719  0.8139  0.8150
SD      0.0088  0.0033  0.0302  0.0163  0.0154  0.0215  0.0217]
366     0
2685    1
4701    1
758     0
3134    0
       ..
4010    0
1911    0
3231    0
3166    0
4063    0
Name: trait1, Length: 936, dtype: int64
lightgbm
[('Setup Config',                                Description             Value
0                               session_id              6341
1                                   Target            trait1
2                              Target Type            Binary
3                            Label Encoded        1: 0, 2: 1
4                            Original Data        (3743, 26)
5                           Missing Values             False
6                         Numeric Features                24
7                     Categorical Features                 1
8                         Ordinal Features             False
9                High Cardinality Features             False
10                 High Cardinality Method              None
11                   Transformed Train Set        (2807, 25)
12                    Transformed Test Set         (936, 25)
13                      Shuffle Train-Test              True
14                     Stratify Train-Test             False
15                          Fold Generator   StratifiedKFold
16                             Fold Number                10
17                                CPU Jobs                -1
18                                 Use GPU             False
19                          Log Experiment             False
20                         Experiment Name  clf-default-name
21                                     USI              1b07
22                         Imputation Type            simple
23          Iterative Imputation Iteration              None
24                         Numeric Imputer              mean
25      Iterative Imputation Numeric Model              None
26                     Categorical Imputer          constant
27  Iterative Imputation Categorical Model              None
28           Unknown Categoricals Handling    least_frequent
29                               Normalize             False
30                        Normalize Method              None
31                          Transformation             False
32                   Transformation Method              None
33                                     PCA             False
34                              PCA Method              None
35                          PCA Components              None
36                     Ignore Low Variance             False
37                     Combine Rare Levels             False
38                    Rare Level Threshold              None
39                         Numeric Binning             False
40                         Remove Outliers             False
41                      Outliers Threshold              None
42                Remove Multicollinearity             False
43             Multicollinearity Threshold              None
44                              Clustering             False
45                    Clustering Iteration              None
46                     Polynomial Features             False
47                       Polynomial Degree              None
48                    Trignometry Features             False
49                    Polynomial Threshold              None
50                          Group Features             False
51                       Feature Selection             False
52                Feature Selection Method           classic
53            Features Selection Threshold              None
54                     Feature Interaction             False
55                           Feature Ratio             False
56                   Interaction Threshold              None
57                           Fix Imbalance              True
58                    Fix Imbalance Method             SMOTE), ('X_training Set',            gene2         None        gene9       gene13  ...       cov3       cov4         PRS  cov1_1
554     0.000000  3238.729980   666.320007   382.321014  ...  13.790985  23.442400 -146.882004     1.0
2212    0.000000     0.000000   836.747986   284.153992  ...  11.872849  35.095119   15.465400     0.0
165     0.000000     0.000000   693.856995  1662.349976  ...  12.796681  41.983803  120.846001     0.0
4458    0.000000     0.000000   915.127991  1625.130005  ...  13.885726  28.054691 -175.766998     1.0
3571    0.000000     0.000000     0.000000     0.000000  ...  13.568913  29.428761  100.568001     1.0
...          ...          ...          ...          ...  ...        ...        ...         ...     ...
2389    0.000000     0.000000     0.000000     0.000000  ...   9.089461  47.109550  -29.010500     1.0
4025    0.000000  1418.290039  1368.719971   443.701996  ...  11.727562  33.547951    0.332351     1.0
708   698.526978   590.286011     0.000000  1333.209961  ...   8.292381  43.323845   68.811996     1.0
2138  284.967010     0.000000   661.538025  1072.699951  ...  11.301930  48.709232  -64.770103     1.0
2382    0.000000   516.619995     0.000000   405.277008  ...  14.804007  21.120647   71.040298     1.0

[2807 rows x 25 columns]), ('y_training Set', 554     1
2212    0
165     0
4458    1
3571    1
       ..
2389    0
4025    1
708     0
2138    0
2382    1
Name: trait1, Length: 2807, dtype: int32), ('X_test Set',             gene2         None       gene9       gene13  ...       cov3       cov4         PRS  cov1_1
366    509.106995     0.000000  940.018005   528.739014  ...   9.446186  42.510242   22.432600     0.0
2685   553.997009     0.000000  661.538025   818.927979  ...  13.411043  32.278961  -44.531300     1.0
4701     0.000000   681.388000  531.968994   888.377991  ...  13.429929  38.332779   16.804899     1.0
758      0.000000     0.000000    0.000000  1039.180054  ...  10.120728  47.727341   43.139500     0.0
3134     0.000000     0.000000    0.000000   754.892029  ...  10.812490  33.660637  134.895996     0.0
...           ...          ...         ...          ...  ...        ...        ...         ...     ...
4010  1610.280029   579.731018    0.000000     0.000000  ...   9.599632  30.478199   99.838699     1.0
1911   284.967010     0.000000    0.000000   923.817017  ...  12.757334  38.931137  136.341995     0.0
3231   284.967010     0.000000    0.000000   541.872986  ...  10.759234  33.543026   51.336102     1.0
3166     0.000000  1231.030029    0.000000   371.600006  ...  11.235307  43.446575  115.464996     1.0
4063   358.880005     0.000000    0.000000   492.950012  ...  13.215184  38.905117  113.228996     1.0

[936 rows x 25 columns]), ('y_test Set', 366     0
2685    1
4701    1
758     0
3134    0
       ..
4010    0
1911    0
3231    0
3166    0
4063    0
Name: trait1, Length: 936, dtype: int64), ('Transformation Pipeline', Pipeline(memory=None,
         steps=[('dtypes',
                 DataTypes_Auto_infer(categorical_features=[],
                                      display_types=False, features_todrop=[],
                                      id_columns=[],
                                      ml_usecase='classification',
                                      numerical_features=[], target='trait1',
                                      time_features=[])),
                ('imputer',
                 Simple_Imputer(categorical_strategy='not_available',
                                fill_value_categorical=None,
                                fill_value_numerical=None,
                                numeric_stra...
                ('scaling', 'passthrough'), ('P_transform', 'passthrough'),
                ('binn', 'passthrough'), ('rem_outliers', 'passthrough'),
                ('cluster_all', 'passthrough'),
                ('dummy', Dummify(target='trait1')),
                ('fix_perfect', Remove_100(target='trait1')),
                ('clean_names', Clean_Colum_Names()),
                ('feature_select', 'passthrough'), ('fix_multi', 'passthrough'),
                ('dfs', 'passthrough'), ('pca', 'passthrough')],
         verbose=False))]
clf-default-name
StratifiedKFold(n_splits=10, random_state=None, shuffle=False)
lightgbm
Pipeline(memory=None,
         steps=[('dtypes',
                 DataTypes_Auto_infer(categorical_features=[],
                                      display_types=False, features_todrop=[],
                                      id_columns=[],
                                      ml_usecase='classification',
                                      numerical_features=[], target='trait1',
                                      time_features=[])),
                ('imputer',
                 Simple_Imputer(categorical_strategy='not_available',
                                fill_value_categorical=None,
                                fill_value_numerical=None,
                                numeric_stra...
                ('scaling', 'passthrough'), ('P_transform', 'passthrough'),
                ('binn', 'passthrough'), ('rem_outliers', 'passthrough'),
                ('cluster_all', 'passthrough'),
                ('dummy', Dummify(target='trait1')),
                ('fix_perfect', Remove_100(target='trait1')),
                ('clean_names', Clean_Colum_Names()),
                ('feature_select', 'passthrough'), ('fix_multi', 'passthrough'),
                ('dfs', 'passthrough'), ('pca', 'passthrough')],
         verbose=False)
False
True
{'lr': <pycaret.containers.models.classification.LogisticRegressionClassifierContainer object at 0x000002168099AA48>, 'knn': <pycaret.containers.models.classification.KNeighborsClassifierContainer object at 0x00000216809652C8>, 'nb': <pycaret.containers.models.classification.GaussianNBClassifierContainer object at 0x000002168098CAC8>, 'dt': <pycaret.containers.models.classification.DecisionTreeClassifierContainer object at 0x000002168098CB48>, 'svm': <pycaret.containers.models.classification.SGDClassifierContainer object at 0x00000216809B6188>, 'rbfsvm': <pycaret.containers.models.classification.SVCClassifierContainer object at 0x00000216809B66C8>, 'gpc': <pycaret.containers.models.classification.GaussianProcessClassifierContainer object at 0x00000216809B6208>, 'mlp': <pycaret.containers.models.classification.MLPClassifierContainer object at 0x00000216809B6908>, 'ridge': <pycaret.containers.models.classification.RidgeClassifierContainer object at 0x00000216809B1848>, 'rf': <pycaret.containers.models.classification.RandomForestClassifierContainer object at 0x000002168098CA48>, 'qda': <pycaret.containers.models.classification.QuadraticDiscriminantAnalysisContainer object at 0x00000216809E5108>, 'ada': <pycaret.containers.models.classification.AdaBoostClassifierContainer object at 0x0000021680900748>, 'gbc': <pycaret.containers.models.classification.GradientBoostingClassifierContainer object at 0x0000021681A55948>, 'lda': <pycaret.containers.models.classification.LinearDiscriminantAnalysisContainer object at 0x00000216809B6848>, 'et': <pycaret.containers.models.classification.ExtraTreesClassifierContainer object at 0x0000021681A60048>, 'lightgbm': <pycaret.containers.models.classification.LGBMClassifierContainer object at 0x0000021681A60748>}
MLUsecase.CLASSIFICATION
AUC: 0.9162
Accuracy: 0.9263
