False
a496
[LinearRegression(copy_X=True, fit_intercept=True, n_jobs=-1, normalize=False), Lasso(alpha=1.0, copy_X=True, fit_intercept=True, max_iter=1000,
      normalize=False, positive=False, precompute=False, random_state=1991,
      selection='cyclic', tol=0.0001, warm_start=False), Ridge(alpha=1.0, copy_X=True, fit_intercept=True, max_iter=None,
      normalize=False, random_state=1991, solver='auto', tol=0.001), ElasticNet(alpha=1.0, copy_X=True, fit_intercept=True, l1_ratio=0.5,
           max_iter=1000, normalize=False, positive=False, precompute=False,
           random_state=1991, selection='cyclic', tol=0.0001, warm_start=False), Lars(copy_X=True, eps=2.220446049250313e-16, fit_intercept=True, fit_path=True,
     jitter=None, n_nonzero_coefs=500, normalize=True, precompute='auto',
     random_state=1991, verbose=False), LassoLars(alpha=1.0, copy_X=True, eps=2.220446049250313e-16, fit_intercept=True,
          fit_path=True, jitter=None, max_iter=500, normalize=True,
          positive=False, precompute='auto', random_state=1991, verbose=False), OrthogonalMatchingPursuit(fit_intercept=True, n_nonzero_coefs=None,
                          normalize=True, precompute='auto', tol=None), BayesianRidge(alpha_1=1e-06, alpha_2=1e-06, alpha_init=None,
              compute_score=False, copy_X=True, fit_intercept=True,
              lambda_1=1e-06, lambda_2=1e-06, lambda_init=None, n_iter=300,
              normalize=False, tol=0.001, verbose=False), PassiveAggressiveRegressor(C=1.0, average=False, early_stopping=False,
                           epsilon=0.1, fit_intercept=True,
                           loss='epsilon_insensitive', max_iter=1000,
                           n_iter_no_change=5, random_state=1991, shuffle=True,
                           tol=0.001, validation_fraction=0.1, verbose=0,
                           warm_start=False), HuberRegressor(alpha=0.0001, epsilon=1.35, fit_intercept=True, max_iter=100,
               tol=1e-05, warm_start=False), KNeighborsRegressor(algorithm='auto', leaf_size=30, metric='minkowski',
                    metric_params=None, n_jobs=-1, n_neighbors=5, p=2,
                    weights='uniform'), DecisionTreeRegressor(ccp_alpha=0.0, criterion='mse', max_depth=None,
                      max_features=None, max_leaf_nodes=None,
                      min_impurity_decrease=0.0, min_impurity_split=None,
                      min_samples_leaf=1, min_samples_split=2,
                      min_weight_fraction_leaf=0.0, presort='deprecated',
                      random_state=1991, splitter='best'), RandomForestRegressor(bootstrap=True, ccp_alpha=0.0, criterion='mse',
                      max_depth=None, max_features='auto', max_leaf_nodes=None,
                      max_samples=None, min_impurity_decrease=0.0,
                      min_impurity_split=None, min_samples_leaf=1,
                      min_samples_split=2, min_weight_fraction_leaf=0.0,
                      n_estimators=100, n_jobs=-1, oob_score=False,
                      random_state=1991, verbose=0, warm_start=False), ExtraTreesRegressor(bootstrap=False, ccp_alpha=0.0, criterion='mse',
                    max_depth=None, max_features='auto', max_leaf_nodes=None,
                    max_samples=None, min_impurity_decrease=0.0,
                    min_impurity_split=None, min_samples_leaf=1,
                    min_samples_split=2, min_weight_fraction_leaf=0.0,
                    n_estimators=100, n_jobs=-1, oob_score=False,
                    random_state=1991, verbose=0, warm_start=False), AdaBoostRegressor(base_estimator=None, learning_rate=1.0, loss='linear',
                  n_estimators=50, random_state=1991), GradientBoostingRegressor(alpha=0.9, ccp_alpha=0.0, criterion='friedman_mse',
                          init=None, learning_rate=0.1, loss='ls', max_depth=3,
                          max_features=None, max_leaf_nodes=None,
                          min_impurity_decrease=0.0, min_impurity_split=None,
                          min_samples_leaf=1, min_samples_split=2,
                          min_weight_fraction_leaf=0.0, n_estimators=100,
                          n_iter_no_change=None, presort='deprecated',
                          random_state=1991, subsample=1.0, tol=0.0001,
                          validation_fraction=0.1, verbose=0, warm_start=False), LGBMRegressor(boosting_type='gbdt', class_weight=None, colsample_bytree=1.0,
              importance_type='split', learning_rate=0.1, max_depth=-1,
              min_child_samples=20, min_child_weight=0.001, min_split_gain=0.0,
              n_estimators=100, n_jobs=-1, num_leaves=31, objective=None,
              random_state=1991, reg_alpha=0.0, reg_lambda=0.0, silent=True,
              subsample=1.0, subsample_for_bin=200000, subsample_freq=0), LinearRegression(copy_X=True, fit_intercept=True, n_jobs=-1, normalize=False), LinearRegression(copy_X=True, fit_intercept=True, n_jobs=-1, normalize=True), LinearRegression(copy_X=True, fit_intercept=True, n_jobs=-1, normalize=True)]
trait1
reg-default-name
10
Pipeline(memory=None, steps=[('empty_step', 'passthrough')], verbose=False)
{'lr': <pycaret.containers.models.regression.LinearRegressionContainer object at 0x00000113EE9280C8>, 'lasso': <pycaret.containers.models.regression.LassoRegressionContainer object at 0x00000113EE928508>, 'ridge': <pycaret.containers.models.regression.RidgeRegressionContainer object at 0x00000113EE931F88>, 'en': <pycaret.containers.models.regression.ElasticNetContainer object at 0x00000113EE931A48>, 'lar': <pycaret.containers.models.regression.LarsContainer object at 0x00000113EE931EC8>, 'llar': <pycaret.containers.models.regression.LassoLarsContainer object at 0x00000113EE99C5C8>, 'omp': <pycaret.containers.models.regression.OrthogonalMatchingPursuitContainer object at 0x00000113EE930C08>, 'br': <pycaret.containers.models.regression.BayesianRidgeContainer object at 0x00000113EE99CD48>, 'ard': <pycaret.containers.models.regression.AutomaticRelevanceDeterminationContainer object at 0x00000113EE99A308>, 'par': <pycaret.containers.models.regression.PassiveAggressiveRegressorContainer object at 0x00000113EE93F4C8>, 'ransac': <pycaret.containers.models.regression.RANSACRegressorContainer object at 0x00000113EE9A6A48>, 'tr': <pycaret.containers.models.regression.TheilSenRegressorContainer object at 0x00000113EE9A6EC8>, 'huber': <pycaret.containers.models.regression.HuberRegressorContainer object at 0x00000113EE928688>, 'kr': <pycaret.containers.models.regression.KernelRidgeContainer object at 0x00000113EE987248>, 'svm': <pycaret.containers.models.regression.SVRContainer object at 0x00000113EE987508>, 'knn': <pycaret.containers.models.regression.KNeighborsRegressorContainer object at 0x00000113EE9878C8>, 'dt': <pycaret.containers.models.regression.DecisionTreeRegressorContainer object at 0x00000113EE987B08>, 'rf': <pycaret.containers.models.regression.RandomForestRegressorContainer object at 0x00000113EE987EC8>, 'et': <pycaret.containers.models.regression.ExtraTreesRegressorContainer object at 0x00000113EE987588>, 'ada': <pycaret.containers.models.regression.AdaBoostRegressorContainer object at 0x00000113EE987448>, 'gbr': <pycaret.containers.models.regression.GradientBoostingRegressorContainer object at 0x00000113EE928808>, 'mlp': <pycaret.containers.models.regression.MLPRegressorContainer object at 0x00000113ED92DCC8>, 'lightgbm': <pycaret.containers.models.regression.LGBMRegressorContainer object at 0x00000113EE9824C8>}
MLUsecase.REGRESSION
-1
3983   -0.088478
2282    0.587228
3085   -0.875776
2978   -0.742207
3592    0.386277
          ...   
3102    0.484450
1143    0.024007
1770    1.068740
3970   -1.180850
3008    1.035880
Name: trait1, Length: 2807, dtype: float32
False
         gene2      None     gene9    gene13    gene10  ...      cov2      cov3      cov4       PRS  cov1_1
3983 -0.308942 -0.440700 -0.545392 -0.767617 -0.260005  ... -1.236433  1.405669 -2.225381 -0.720048     0.0
2282 -0.308942 -0.440700 -0.545392 -0.767617 -0.260005  ... -0.066196 -0.663898  0.351998  0.617781     0.0
3085 -0.308942 -0.440700 -0.545392  0.520537 -0.260005  ...  0.778299 -0.394197  0.590689 -1.653893     0.0
2978  0.164736 -0.440700 -0.545392  0.438854 -0.260005  ...  0.574720 -1.951209  1.470545 -0.568156     1.0
3592 -0.308942 -0.440700 -0.545392 -0.241161 -0.260005  ... -2.083475 -1.755814 -0.675074  1.038212     1.0
...        ...       ...       ...       ...       ...  ...       ...       ...       ...       ...     ...
3102  0.073123 -0.440700 -0.545392 -0.767617 -0.260005  ...  0.913839 -0.819486  1.548513  0.688660     1.0
1143  0.130765  0.068276  2.556359  0.367835  0.581486  ... -0.808385 -1.452594 -0.677198 -0.432096     0.0
1770  1.016045 -0.029865  2.968319  4.392144  1.071640  ...  0.782841  1.088186  0.384872  1.268378     0.0
3970 -0.308942 -0.440700  0.569102 -0.307575 -0.260005  ... -1.116425 -1.844997 -0.892974 -0.616112     1.0
3008 -0.308942  0.037498 -0.545392 -0.767617 -0.160974  ...  1.520823  1.138459 -0.417565 -0.503425     1.0

[2807 rows x 25 columns]
{'fix_imbalance_param', 'USI', 'master_model_container', 'target_param', 'exp_name_log', 'fold_param', '_internal_pipeline', '_all_models', '_ml_usecase', '_gpu_n_jobs_param', 'y_train', 'transform_target_param', 'X_train', 'pycaret_globals', 'X', 'prep_pipe', 'create_model_container', 'y', 'transform_target_method_param', 'n_jobs_param', 'html_param', 'data_before_preprocess', 'fold_shuffle_param', 'iterative_imputation_iters_param', 'experiment__', 'y_test', 'display_container', 'fold_groups_param', 'log_plots_param', '_all_metrics', '_all_models_internal', 'X_test', 'fold_generator', '_available_plots', 'imputation_regressor', 'seed', 'stratify_param', 'logging_param', 'fix_imbalance_method_param', 'imputation_classifier', 'gpu_param'}
         gene2      None     gene9    gene13    gene10  ...      cov2      cov3      cov4       PRS  cov1_1
3650 -0.308942  5.300764  0.128910  0.300456 -0.260005  ...  0.498039  0.868214  1.487720  0.141875     0.0
1316 -0.308942 -0.440700 -0.545392 -0.767617 -0.260005  ... -1.047492 -1.473815 -0.587762 -0.444088     1.0
4661 -0.308942 -0.440700 -0.545392 -0.767617 -0.260005  ... -1.963465  0.680117  0.308703  0.568733     0.0
4266 -0.308942 -0.440700 -0.545392 -0.022397 -0.260005  ...  0.927971 -1.839462  0.249269  0.542207     1.0
1122 -0.308942 -0.440700 -0.545392 -0.767617 -0.260005  ... -0.690287 -1.605636  0.035417  0.833909     1.0
...        ...       ...       ...       ...       ...  ...       ...       ...       ...       ...     ...
3042 -0.308942 -0.440700  1.650398 -0.225899  0.250737  ... -0.852687 -1.645864  0.193103  0.230502     0.0
8    -0.308942 -0.440700 -0.545392 -0.483232 -0.260005  ... -0.564684  0.174485 -0.978465 -1.952185     0.0
1351  0.373636 -0.440700 -0.545392 -0.767617 -0.154433  ... -0.058227  0.673414 -0.779117  0.840396     0.0
4699  0.416488 -0.440700 -0.545392 -0.222901 -0.260005  ... -0.091924 -0.861134  0.437597  0.699440     1.0
4460 -0.308942 -0.440700 -0.545392 -0.305727 -0.260005  ... -0.776832 -0.205447  1.212825  1.607430     0.0

[3743 rows x 25 columns]
Pipeline(memory=None,
         steps=[('dtypes',
                 DataTypes_Auto_infer(categorical_features=[],
                                      display_types=False, features_todrop=[],
                                      id_columns=[], ml_usecase='regression',
                                      numerical_features=[], target='trait1',
                                      time_features=[])),
                ('imputer',
                 Simple_Imputer(categorical_strategy='not_available',
                                fill_value_categorical=None,
                                fill_value_numerical=None,
                                numeric_strategy...
                                                  target='trait1')),
                ('P_transform', 'passthrough'), ('binn', 'passthrough'),
                ('rem_outliers', 'passthrough'), ('cluster_all', 'passthrough'),
                ('dummy', Dummify(target='trait1')),
                ('fix_perfect', Remove_100(target='trait1')),
                ('clean_names', Clean_Colum_Names()),
                ('feature_select', 'passthrough'), ('fix_multi', 'passthrough'),
                ('dfs', 'passthrough'), ('pca', 'passthrough')],
         verbose=False)
[         MAE     MSE    RMSE      R2   RMSLE     MAPE
0     0.5642  0.5078  0.7126  0.4532  0.3353   1.7849
1     0.5684  0.5070  0.7121  0.5094  0.3332   1.4896
2     0.5389  0.4876  0.6983  0.4154  0.3238   2.7214
3     0.5935  0.5345  0.7311  0.4581  0.3452   4.0296
4     0.5537  0.5038  0.7098  0.4798  0.3384   1.4341
5     0.5711  0.5065  0.7117  0.5341  0.3497   8.3814
6     0.5688  0.5191  0.7205  0.4017  0.3400   1.7509
7     0.5840  0.5650  0.7516  0.3982  0.3514   2.1538
8     0.5570  0.5188  0.7203  0.4160  0.3395   2.2587
9     0.5601  0.4949  0.7035  0.5341  0.3428  27.6799
Mean  0.5660  0.5145  0.7171  0.4600  0.3399   5.3684
SD    0.0146  0.0209  0.0144  0.0500  0.0077   7.6950,          MAE     MSE    RMSE      R2   RMSLE    MAPE
0     0.7785  0.9367  0.9679 -0.0087  0.5916  1.0473
1     0.8224  1.0374  1.0185 -0.0039  0.6258  0.9960
2     0.7308  0.8343  0.9134 -0.0002  0.5770  1.0230
3     0.7863  0.9870  0.9935 -0.0006  0.6081  1.0209
4     0.8069  0.9687  0.9842 -0.0003  0.6109  1.0044
5     0.8603  1.0899  1.0440 -0.0025  0.6413  1.1395
6     0.7433  0.8698  0.9326 -0.0026  0.5769  1.0128
7     0.7627  0.9446  0.9719 -0.0062  0.5846  1.0394
8     0.7268  0.8903  0.9435 -0.0021  0.5815  1.2293
9     0.8366  1.0633  1.0312 -0.0011  0.6332  1.4776
Mean  0.7854  0.9622  0.9801 -0.0028  0.6031  1.0990
SD    0.0434  0.0799  0.0408  0.0026  0.0230  0.1439,          MAE     MSE    RMSE      R2   RMSLE     MAPE
0     0.5642  0.5078  0.7126  0.4532  0.3353   1.7853
1     0.5684  0.5070  0.7121  0.5093  0.3332   1.4891
2     0.5389  0.4876  0.6983  0.4155  0.3238   2.7208
3     0.5935  0.5345  0.7311  0.4581  0.3452   4.0283
4     0.5537  0.5038  0.7098  0.4798  0.3384   1.4338
5     0.5711  0.5065  0.7117  0.5341  0.3497   8.3774
6     0.5688  0.5191  0.7205  0.4017  0.3401   1.7506
7     0.5840  0.5649  0.7516  0.3982  0.3515   2.1535
8     0.5570  0.5188  0.7203  0.4160  0.3395   2.2563
9     0.5601  0.4950  0.7035  0.5340  0.3428  27.6795
Mean  0.5660  0.5145  0.7171  0.4600  0.3400   5.3675
SD    0.0146  0.0209  0.0144  0.0500  0.0077   7.6950,          MAE     MSE    RMSE      R2   RMSLE    MAPE
0     0.7338  0.8445  0.9190  0.0907  0.5514  1.0255
1     0.7810  0.9340  0.9664  0.0962  0.5696  0.9978
2     0.6897  0.7424  0.8616  0.1100  0.5228  1.0546
3     0.7490  0.8892  0.9429  0.0986  0.5552  1.3290
4     0.7608  0.8707  0.9331  0.1009  0.5617  0.9505
5     0.8142  0.9820  0.9910  0.0967  0.5898  1.1622
6     0.7013  0.7764  0.8811  0.1051  0.5293  1.0410
7     0.7223  0.8513  0.9227  0.0932  0.5406  1.0837
8     0.6867  0.8007  0.8948  0.0987  0.5289  1.0631
9     0.7926  0.9590  0.9793  0.0972  0.5816  4.6958
Mean  0.7431  0.8650  0.9292  0.0987  0.5531  1.4403
SD    0.0419  0.0745  0.0402  0.0053  0.0218  1.0897,          MAE     MSE    RMSE      R2   RMSLE     MAPE
0     0.5642  0.5078  0.7126  0.4532  0.3353   1.7849
1     0.5689  0.5082  0.7129  0.5082  0.3340   1.5117
2     0.5389  0.4876  0.6983  0.4154  0.3238   2.7214
3     0.5935  0.5345  0.7311  0.4581  0.3452   4.0296
4     0.5537  0.5038  0.7098  0.4798  0.3384   1.4341
5     0.5711  0.5065  0.7117  0.5341  0.3497   8.3814
6     0.5688  0.5191  0.7205  0.4017  0.3400   1.7509
7     0.5840  0.5650  0.7516  0.3982  0.3514   2.1538
8     0.5570  0.5188  0.7203  0.4160  0.3395   2.2587
9     0.5601  0.4949  0.7035  0.5341  0.3428  27.6799
Mean  0.5660  0.5146  0.7172  0.4599  0.3400   5.3706
SD    0.0146  0.0209  0.0144  0.0499  0.0076   7.6939,          MAE     MSE    RMSE      R2   RMSLE    MAPE
0     0.7785  0.9367  0.9679 -0.0087  0.5916  1.0473
1     0.8224  1.0374  1.0185 -0.0039  0.6258  0.9960
2     0.7308  0.8343  0.9134 -0.0002  0.5770  1.0230
3     0.7863  0.9870  0.9935 -0.0006  0.6081  1.0209
4     0.8069  0.9687  0.9842 -0.0003  0.6109  1.0044
5     0.8603  1.0899  1.0440 -0.0025  0.6413  1.1395
6     0.7433  0.8698  0.9326 -0.0026  0.5769  1.0128
7     0.7627  0.9446  0.9719 -0.0062  0.5846  1.0394
8     0.7268  0.8903  0.9435 -0.0021  0.5815  1.2293
9     0.8366  1.0633  1.0312 -0.0011  0.6332  1.4776
Mean  0.7854  0.9622  0.9801 -0.0028  0.6031  1.0990
SD    0.0434  0.0799  0.0408  0.0026  0.0230  0.1439,          MAE     MSE    RMSE      R2   RMSLE     MAPE
0     0.5718  0.5130  0.7162  0.4476  0.3481   2.0996
1     0.5661  0.5145  0.7173  0.5021  0.3368   1.5884
2     0.5403  0.4873  0.6980  0.4158  0.3281   2.9912
3     0.6001  0.5441  0.7376  0.4485  0.3510   4.1319
4     0.5630  0.5068  0.7119  0.4767  0.3416   1.4151
5     0.5645  0.4961  0.7044  0.5437  0.3487   6.1520
6     0.5683  0.5144  0.7172  0.4071  0.3462   1.8165
7     0.5843  0.5580  0.7470  0.4056  0.3478   2.0694
8     0.5618  0.5284  0.7269  0.4052  0.3386   2.4697
9     0.5697  0.5124  0.7158  0.5176  0.3483  27.5337
Mean  0.5690  0.5175  0.7192  0.4570  0.3435   5.2268
SD    0.0147  0.0200  0.0139  0.0482  0.0068   7.5591,          MAE     MSE    RMSE      R2   RMSLE     MAPE
0     0.5647  0.5076  0.7125  0.4534  0.3357   1.7963
1     0.5685  0.5074  0.7124  0.5089  0.3338   1.4760
2     0.5380  0.4859  0.6971  0.4174  0.3242   2.7046
3     0.5932  0.5345  0.7311  0.4582  0.3459   3.9902
4     0.5540  0.5040  0.7099  0.4796  0.3390   1.4248
5     0.5713  0.5070  0.7121  0.5336  0.3502   8.2587
6     0.5683  0.5181  0.7198  0.4029  0.3406   1.7404
7     0.5833  0.5640  0.7510  0.3992  0.3517   2.1438
8     0.5566  0.5185  0.7200  0.4164  0.3398   2.1893
9     0.5622  0.4968  0.7049  0.5323  0.3443  27.6621
Mean  0.5660  0.5144  0.7171  0.4602  0.3405   5.3386
SD    0.0145  0.0207  0.0143  0.0491  0.0077   7.6908,          MAE     MSE    RMSE      R2   RMSLE     MAPE
0     0.9328  1.4656  1.2106 -0.5781  0.4434   6.4606
1     0.9480  1.3887  1.1784 -0.3438  0.4471   3.7825
2     0.7918  0.9706  0.9852 -0.1636  0.4030   5.2730
3     0.8135  1.0780  1.0383 -0.0928  0.4217   5.3770
4     0.7205  0.8455  0.9195  0.1269  0.3864   1.8085
5     0.7145  0.7983  0.8935  0.2657  0.3757   7.7130
6     1.0539  1.8155  1.3474 -1.0926  0.4285   3.4068
7     0.8707  1.2659  1.1251 -0.3484  0.4249   3.4959
8     0.8782  1.2816  1.1321 -0.4426  0.4287  41.3117
9     0.8369  1.2667  1.1255 -0.1926  0.4267  30.1927
Mean  0.8561  1.2176  1.0956 -0.2862  0.4186  10.8822
SD    0.0994  0.2919  0.1319  0.3611  0.0221  12.7804,          MAE     MSE    RMSE      R2   RMSLE     MAPE
0     0.5616  0.5032  0.7094  0.4582  0.3343   1.7993
1     0.5685  0.5066  0.7118  0.5098  0.3338   1.4740
2     0.5413  0.4918  0.7013  0.4104  0.3247   2.7647
3     0.5962  0.5389  0.7341  0.4537  0.3465   4.0803
4     0.5557  0.5048  0.7105  0.4787  0.3374   1.4383
5     0.5731  0.5093  0.7137  0.5315  0.3510   8.6701
6     0.5675  0.5177  0.7195  0.4032  0.3395   1.7407
7     0.5860  0.5691  0.7544  0.3937  0.3525   2.1407
8     0.5583  0.5196  0.7208  0.4151  0.3396   2.4212
9     0.5582  0.4933  0.7024  0.5356  0.3419  26.4986
Mean  0.5666  0.5154  0.7178  0.4590  0.3401   5.3028
SD    0.0149  0.0221  0.0152  0.0508  0.0080   7.3580,          MAE     MSE    RMSE      R2   RMSLE     MAPE
0     0.7454  0.8524  0.9233  0.0821  0.4135   2.3778
1     0.7153  0.8052  0.8973  0.2208  0.4073   1.7504
2     0.6705  0.7205  0.8488  0.1363  0.3999   3.1431
3     0.7010  0.7681  0.8764  0.2213  0.3998   3.2082
4     0.6758  0.7055  0.8399  0.2716  0.3875   1.7655
5     0.7065  0.7533  0.8679  0.3071  0.3871  12.6947
6     0.6754  0.7416  0.8611  0.1453  0.3807   1.9067
7     0.6764  0.7402  0.8604  0.2115  0.3928   2.3269
8     0.7046  0.7542  0.8684  0.1511  0.3978  19.8273
9     0.6925  0.7470  0.8643  0.2967  0.3998  38.6715
Mean  0.6963  0.7588  0.8708  0.2044  0.3966   8.7672
SD    0.0221  0.0402  0.0228  0.0708  0.0093  11.4986,          MAE     MSE    RMSE      R2   RMSLE     MAPE
0     0.8360  1.1286  1.0624 -0.2153  0.4211   3.8906
1     0.8429  1.1217  1.0591 -0.0855  0.4126   2.9495
2     0.7155  0.8466  0.9201 -0.0149  0.3826   3.5052
3     0.8499  1.1661  1.0799 -0.1821  0.4039   5.7059
4     0.8048  0.9757  0.9878 -0.0075  0.4053   2.3989
5     0.8411  1.0991  1.0484 -0.0109  0.4236   7.8746
6     0.8709  1.1738  1.0834 -0.3529  0.4168   2.9579
7     0.7738  0.9724  0.9861 -0.0358  0.3887   3.3081
8     0.7915  1.0460  1.0228 -0.1775  0.4042   4.7648
9     0.7917  0.9812  0.9906  0.0762  0.4218  34.5942
Mean  0.8118  1.0511  1.0240 -0.1006  0.4081   7.1950
SD    0.0435  0.1001  0.0496  0.1221  0.0133   9.2624,          MAE     MSE    RMSE      R2   RMSLE     MAPE
0     0.6039  0.5549  0.7449  0.4025  0.3684   2.0279
1     0.5739  0.5268  0.7258  0.4902  0.3478   1.5059
2     0.5482  0.4955  0.7039  0.4060  0.3319   2.6014
3     0.6176  0.5754  0.7585  0.4167  0.3561   4.0548
4     0.5835  0.5490  0.7409  0.4332  0.3549   1.5789
5     0.5837  0.5104  0.7144  0.5305  0.3554   9.7515
6     0.5656  0.5064  0.7116  0.4164  0.3456   1.9979
7     0.5859  0.5517  0.7427  0.4124  0.3537   1.9933
8     0.5625  0.5146  0.7173  0.4208  0.3362  16.1047
9     0.5744  0.5113  0.7150  0.5187  0.3666  35.5065
Mean  0.5799  0.5296  0.7275  0.4447  0.3517   7.7123
SD    0.0191  0.0250  0.0171  0.0464  0.0111  10.2977,          MAE     MSE    RMSE      R2   RMSLE     MAPE
0     0.5816  0.5241  0.7240  0.4356  0.3555   2.1878
1     0.5751  0.5300  0.7280  0.4871  0.3512   1.7336
2     0.5465  0.4951  0.7036  0.4065  0.3348   2.1170
3     0.6181  0.5694  0.7546  0.4228  0.3619   3.9155
4     0.5972  0.5634  0.7506  0.4182  0.3583   1.4732
5     0.5831  0.5236  0.7236  0.5184  0.3503   8.7163
6     0.5753  0.5208  0.7217  0.3997  0.3429   1.9220
7     0.5811  0.5532  0.7438  0.4107  0.3625   2.2671
8     0.5709  0.5320  0.7294  0.4011  0.3346  16.2980
9     0.5652  0.5085  0.7131  0.5213  0.3527  35.5687
Mean  0.5794  0.5320  0.7292  0.4421  0.3505   7.6199
SD    0.0180  0.0224  0.0153  0.0456  0.0096  10.3185,          MAE     MSE    RMSE      R2   RMSLE     MAPE
0     0.5927  0.5498  0.7415  0.4080  0.3476   1.6700
1     0.5958  0.5644  0.7513  0.4538  0.3384   1.6575
2     0.5751  0.5199  0.7210  0.3767  0.3459   2.6238
3     0.6332  0.6052  0.7779  0.3865  0.3540   3.8630
4     0.5785  0.5338  0.7306  0.4488  0.3537   1.4173
5     0.5959  0.5609  0.7490  0.4840  0.3473   8.2745
6     0.5942  0.5490  0.7409  0.3672  0.3395   2.0471
7     0.6009  0.5730  0.7569  0.3897  0.3655   2.3143
8     0.5721  0.5429  0.7368  0.3889  0.3349   6.7649
9     0.6037  0.5471  0.7396  0.4849  0.3635  34.8094
Mean  0.5942  0.5546  0.7446  0.4189  0.3490   6.5442
SD    0.0166  0.0222  0.0148  0.0425  0.0097   9.6776,          MAE     MSE    RMSE      R2   RMSLE     MAPE
0     0.5885  0.5291  0.7274  0.4303  0.3604   1.9214
1     0.5722  0.5177  0.7195  0.4990  0.3419   1.4577
2     0.5242  0.4705  0.6860  0.4359  0.3285   2.2746
3     0.5983  0.5362  0.7322  0.4565  0.3534   4.0438
4     0.5816  0.5371  0.7329  0.4454  0.3398   1.4462
5     0.5765  0.5109  0.7148  0.5301  0.3524   6.7205
6     0.5643  0.4995  0.7068  0.4242  0.3501   1.6109
7     0.5848  0.5652  0.7518  0.3979  0.3582   2.0937
8     0.5343  0.4869  0.6978  0.4519  0.3291   6.8084
9     0.5646  0.4991  0.7064  0.5302  0.3580  22.4686
Mean  0.5689  0.5152  0.7176  0.4601  0.3472   5.0846
SD    0.0223  0.0263  0.0183  0.0427  0.0112   6.1175,          MAE     MSE    RMSE      R2   RMSLE     MAPE
0     0.5873  0.5413  0.7357  0.4172  0.3542   1.8572
1     0.5665  0.5099  0.7141  0.5066  0.3418   1.4107
2     0.5314  0.4799  0.6928  0.4246  0.3325   2.1802
3     0.6105  0.5674  0.7533  0.4248  0.3476   4.4436
4     0.5800  0.5417  0.7360  0.4407  0.3487   1.6031
5     0.5942  0.5351  0.7315  0.5078  0.3454   9.8741
6     0.5823  0.5427  0.7367  0.3744  0.3470   1.8313
7     0.5896  0.5365  0.7324  0.4285  0.3493   2.3373
8     0.5619  0.5142  0.7171  0.4212  0.3262  13.7573
9     0.5764  0.5168  0.7189  0.5134  0.3570  27.7060
Mean  0.5780  0.5285  0.7268  0.4459  0.3450   6.7001
SD    0.0203  0.0228  0.0158  0.0446  0.0089   8.0423,          MAE     MSE    RMSE      R2   RMSLE     MAPE
0     0.5642  0.5078  0.7126  0.4532  0.3353   1.7849
1     0.5684  0.5070  0.7121  0.5094  0.3332   1.4896
2     0.5389  0.4876  0.6983  0.4154  0.3238   2.7214
3     0.5935  0.5345  0.7311  0.4581  0.3452   4.0296
4     0.5537  0.5038  0.7098  0.4798  0.3384   1.4341
5     0.5711  0.5065  0.7117  0.5341  0.3497   8.3814
6     0.5688  0.5191  0.7205  0.4017  0.3400   1.7509
7     0.5840  0.5650  0.7516  0.3982  0.3514   2.1538
8     0.5570  0.5188  0.7203  0.4160  0.3395   2.2587
9     0.5601  0.4949  0.7035  0.5341  0.3428  27.6799
Mean  0.5660  0.5145  0.7171  0.4600  0.3399   5.3684
SD    0.0146  0.0209  0.0144  0.0500  0.0077   7.6950,          MAE     MSE    RMSE      R2   RMSLE     MAPE
0     0.5642  0.5078  0.7126  0.4532  0.3353   1.7849
1     0.5684  0.5070  0.7121  0.5094  0.3332   1.4896
2     0.5389  0.4876  0.6983  0.4154  0.3238   2.7214
3     0.5935  0.5345  0.7311  0.4581  0.3452   4.0296
4     0.5537  0.5038  0.7098  0.4798  0.3384   1.4341
5     0.5711  0.5065  0.7117  0.5341  0.3497   8.3814
6     0.5688  0.5191  0.7205  0.4017  0.3400   1.7509
7     0.5840  0.5650  0.7516  0.3982  0.3514   2.1538
8     0.5570  0.5188  0.7203  0.4160  0.3395   2.2587
9     0.5601  0.4949  0.7035  0.5341  0.3428  27.6799
Mean  0.5660  0.5145  0.7171  0.4600  0.3399   5.3684
SD    0.0146  0.0209  0.0144  0.0500  0.0077   7.6950,          MAE     MSE    RMSE      R2   RMSLE     MAPE
0     0.5528  0.4895  0.6996  0.4924  0.3271   1.9751
1     0.5884  0.5503  0.7418  0.5025  0.3466   3.1592
2     0.5498  0.4901  0.7001  0.4504  0.3235   2.8426
3     0.5528  0.4969  0.7049  0.4942  0.3298   1.8062
4     0.6187  0.5946  0.7711  0.4088  0.3625   8.1569
5     0.5501  0.4801  0.6929  0.4985  0.3463   1.9383
6     0.5450  0.4631  0.6805  0.5301  0.3385   2.4804
7     0.5882  0.5518  0.7428  0.4379  0.3457  20.8649
8     0.5689  0.5194  0.7207  0.4141  0.3489   4.2987
9     0.5668  0.4968  0.7048  0.4765  0.3431   2.1659
Mean  0.5682  0.5133  0.7159  0.4705  0.3412   4.9688
SD    0.0224  0.0384  0.0265  0.0386  0.0111   5.5972]
3650   -0.251064
1316   -0.082836
4661    1.404120
4266    0.629380
1122   -0.545955
          ...   
3042    0.043450
8      -1.151610
1351    0.091182
4699    0.190161
4460    1.697090
Name: trait1, Length: 3743, dtype: float32
box-cox
-1
True
        gene2    None    gene9   gene13    gene10   gene14  ...  cov1       cov2    trait1       cov3       cov4        PRS
3650    0.000  3377.0  288.669  862.739     0.000    0.000  ...     0   2.305500 -0.251064  13.592301  47.755863   65.19050
1316    0.000     0.0    0.000    0.000     0.000    0.000  ...     1  -5.439642 -0.082836   8.658439  33.092732    2.41044
4661    0.000     0.0    0.000    0.000     0.000  548.277  ...     0 -10.029877  1.404120  13.196044  39.426193  110.92400
4266    0.000     0.0    0.000  601.953     0.000  286.997  ...     1   4.460030  0.629380   7.888145  39.006296  108.08200
1122    0.000     0.0    0.000    0.000     0.000    0.000  ...     1  -3.649577 -0.545955   8.380736  37.495450  139.33500
...       ...     ...      ...      ...       ...      ...  ...   ...        ...       ...        ...        ...        ...
3042    0.000     0.0  940.018  437.574  1248.130  379.110  ...     0  -4.463412  0.043450   8.295989  38.609485   74.68600
8       0.000     0.0    0.000  229.713     0.000    0.000  ...     0  -3.020140 -1.151610  12.130849  30.332442 -159.16700
1351  509.107     0.0    0.000    0.000   257.992  453.064  ...     0  -0.482122  0.091182  13.181922  31.740820  140.03000
4699  541.069     0.0    0.000  439.996     0.000    0.000  ...     1  -0.650991  0.190161   9.949150  40.336819  124.92800
4460    0.000     0.0    0.000  373.093     0.000    0.000  ...     0  -4.083280  1.697090  11.330459  45.813748  222.21000

[3743 rows x 26 columns]
False
5
[('Setup Config',                                Description             Value
0                               session_id              1991
1                                   Target            trait1
2                            Original Data        (3743, 26)
3                           Missing Values             False
4                         Numeric Features                24
5                     Categorical Features                 1
6                         Ordinal Features             False
7                High Cardinality Features             False
8                  High Cardinality Method              None
9                    Transformed Train Set        (2807, 25)
10                    Transformed Test Set         (936, 25)
11                      Shuffle Train-Test              True
12                     Stratify Train-Test             False
13                          Fold Generator             KFold
14                             Fold Number                10
15                                CPU Jobs                -1
16                                 Use GPU             False
17                          Log Experiment             False
18                         Experiment Name  reg-default-name
19                                     USI              a496
20                         Imputation Type            simple
21          Iterative Imputation Iteration              None
22                         Numeric Imputer              mean
23      Iterative Imputation Numeric Model              None
24                     Categorical Imputer          constant
25  Iterative Imputation Categorical Model              None
26           Unknown Categoricals Handling    least_frequent
27                               Normalize              True
28                        Normalize Method            zscore
29                          Transformation             False
30                   Transformation Method              None
31                                     PCA             False
32                              PCA Method              None
33                          PCA Components              None
34                     Ignore Low Variance             False
35                     Combine Rare Levels             False
36                    Rare Level Threshold              None
37                         Numeric Binning             False
38                         Remove Outliers             False
39                      Outliers Threshold              None
40                Remove Multicollinearity             False
41             Multicollinearity Threshold              None
42                              Clustering             False
43                    Clustering Iteration              None
44                     Polynomial Features             False
45                       Polynomial Degree              None
46                    Trignometry Features             False
47                    Polynomial Threshold              None
48                          Group Features             False
49                       Feature Selection             False
50                Feature Selection Method           classic
51            Features Selection Threshold              None
52                     Feature Interaction             False
53                           Feature Ratio             False
54                   Interaction Threshold              None
55                        Transform Target             False
56                 Transform Target Method           box-cox), ('X_training Set',          gene2      None     gene9    gene13    gene10  ...      cov2      cov3      cov4       PRS  cov1_1
3983 -0.308942 -0.440700 -0.545392 -0.767617 -0.260005  ... -1.236433  1.405669 -2.225381 -0.720048     0.0
2282 -0.308942 -0.440700 -0.545392 -0.767617 -0.260005  ... -0.066196 -0.663898  0.351998  0.617781     0.0
3085 -0.308942 -0.440700 -0.545392  0.520537 -0.260005  ...  0.778299 -0.394197  0.590689 -1.653893     0.0
2978  0.164736 -0.440700 -0.545392  0.438854 -0.260005  ...  0.574720 -1.951209  1.470545 -0.568156     1.0
3592 -0.308942 -0.440700 -0.545392 -0.241161 -0.260005  ... -2.083475 -1.755814 -0.675074  1.038212     1.0
...        ...       ...       ...       ...       ...  ...       ...       ...       ...       ...     ...
3102  0.073123 -0.440700 -0.545392 -0.767617 -0.260005  ...  0.913839 -0.819486  1.548513  0.688660     1.0
1143  0.130765  0.068276  2.556359  0.367835  0.581486  ... -0.808385 -1.452594 -0.677198 -0.432096     0.0
1770  1.016045 -0.029865  2.968319  4.392144  1.071640  ...  0.782841  1.088186  0.384872  1.268378     0.0
3970 -0.308942 -0.440700  0.569102 -0.307575 -0.260005  ... -1.116425 -1.844997 -0.892974 -0.616112     1.0
3008 -0.308942  0.037498 -0.545392 -0.767617 -0.160974  ...  1.520823  1.138459 -0.417565 -0.503425     1.0

[2807 rows x 25 columns]), ('y_training Set', 3983   -0.088478
2282    0.587228
3085   -0.875776
2978   -0.742207
3592    0.386277
          ...   
3102    0.484450
1143    0.024007
1770    1.068740
3970   -1.180850
3008    1.035880
Name: trait1, Length: 2807, dtype: float32), ('X_test Set',          gene2     None     gene9    gene13    gene10  ...      cov2      cov3      cov4       PRS  cov1_1
1478 -0.308942 -0.44070 -0.545392 -0.384380 -0.163950  ...  1.280338 -1.694457  0.358667  0.136383     0.0
4594 -0.308942 -0.44070  2.971239  1.359358 -0.163950  ... -1.095885 -0.158346 -0.806755 -1.213863     0.0
1213 -0.308942 -0.44070  0.129964  4.135406 -0.053091  ... -0.688724  0.486276 -1.127828 -0.191701     0.0
4194  0.104225  0.54494 -0.545392  0.487223 -0.260005  ... -1.828858 -0.696869  1.288834  0.437171     0.0
3063 -0.308942 -0.44070 -0.545392  2.025553 -0.028145  ... -0.879218 -0.162062  1.247050  1.418537     0.0
...        ...      ...       ...       ...       ...  ...       ...       ...       ...       ...     ...
3351 -0.308942 -0.44070 -0.545392 -0.767617 -0.260005  ...  0.307756 -0.141744  0.764707  1.495511     1.0
2020  0.373636 -0.44070 -0.545392 -0.767617 -0.108446  ... -0.187509 -1.822274  1.114503  0.055247     1.0
1167 -0.308942 -0.44070 -0.545392 -0.767617 -0.260005  ...  0.427240 -0.062532  0.283821 -0.342600     0.0
4261 -0.308942 -0.44070  3.034939 -0.767617  0.411976  ... -0.270833  0.700181  1.250065  0.452222     0.0
587  -0.308942 -0.44070  0.131669 -0.384380 -0.260005  ...  0.833964 -1.862778  1.162265  1.068453     0.0

[936 rows x 25 columns]), ('y_test Set', 1478   -0.078979
4594   -0.040383
1213   -0.540502
4194    0.340417
3063    0.693244
          ...   
3351   -0.268088
2020    0.196531
1167   -0.588795
4261    1.021110
587     1.486410
Name: trait1, Length: 936, dtype: float32), ('Transformation Pipeline', Pipeline(memory=None,
         steps=[('dtypes',
                 DataTypes_Auto_infer(categorical_features=[],
                                      display_types=False, features_todrop=[],
                                      id_columns=[], ml_usecase='regression',
                                      numerical_features=[], target='trait1',
                                      time_features=[])),
                ('imputer',
                 Simple_Imputer(categorical_strategy='not_available',
                                fill_value_categorical=None,
                                fill_value_numerical=None,
                                numeric_strategy...
                                                  target='trait1')),
                ('P_transform', 'passthrough'), ('binn', 'passthrough'),
                ('rem_outliers', 'passthrough'), ('cluster_all', 'passthrough'),
                ('dummy', Dummify(target='trait1')),
                ('fix_perfect', Remove_100(target='trait1')),
                ('clean_names', Clean_Colum_Names()),
                ('feature_select', 'passthrough'), ('fix_multi', 'passthrough'),
                ('dfs', 'passthrough'), ('pca', 'passthrough')],
         verbose=False))]
1478   -0.078979
4594   -0.040383
1213   -0.540502
4194    0.340417
3063    0.693244
          ...   
3351   -0.268088
2020    0.196531
1167   -0.588795
4261    1.021110
587     1.486410
Name: trait1, Length: 936, dtype: float32
[<pandas.io.formats.style.Styler object at 0x00000113EE9A37C8>,                                     Model     MAE     MSE    RMSE      R2   RMSLE     MAPE  TT (Sec)
lr                      Linear Regression  0.5660  0.5145  0.7171  0.4600  0.3399   5.3684     2.051
ridge                    Ridge Regression  0.5660  0.5145  0.7171  0.4600  0.3400   5.3675     0.037
br                         Bayesian Ridge  0.5660  0.5144  0.7171  0.4602  0.3405   5.3386     0.036
lar                Least Angle Regression  0.5660  0.5146  0.7172  0.4599  0.3400   5.3706     0.038
gbr           Gradient Boosting Regressor  0.5689  0.5152  0.7176  0.4601  0.3472   5.0846     0.966
huber                     Huber Regressor  0.5666  0.5154  0.7178  0.4590  0.3401   5.3028     0.042
omp           Orthogonal Matching Pursuit  0.5690  0.5175  0.7192  0.4570  0.3435   5.2268     0.034
lightgbm  Light Gradient Boosting Machine  0.5780  0.5285  0.7268  0.4459  0.3450   6.7001     0.685
rf                Random Forest Regressor  0.5799  0.5296  0.7275  0.4447  0.3517   7.7123     2.211
et                  Extra Trees Regressor  0.5794  0.5320  0.7292  0.4421  0.3505   7.6199     1.457
ada                    AdaBoost Regressor  0.5942  0.5546  0.7446  0.4189  0.3490   6.5442     0.457
knn                 K Neighbors Regressor  0.6963  0.7588  0.8708  0.2044  0.3966   8.7672     0.088
en                            Elastic Net  0.7431  0.8650  0.9292  0.0987  0.5531   1.4403     0.035
lasso                    Lasso Regression  0.7854  0.9622  0.9801 -0.0028  0.6031   1.0990     0.035
llar         Lasso Least Angle Regression  0.7854  0.9622  0.9801 -0.0028  0.6031   1.0990     0.036
dt                Decision Tree Regressor  0.8118  1.0511  1.0240 -0.1006  0.4081   7.1950     0.067
par          Passive Aggressive Regressor  0.8561  1.2176  1.0956 -0.2862  0.4186  10.8822     0.043,          MAE     MSE    RMSE      R2   RMSLE     MAPE
0     0.5642  0.5078  0.7126  0.4532  0.3353   1.7849
1     0.5684  0.5070  0.7121  0.5094  0.3332   1.4896
2     0.5389  0.4876  0.6983  0.4154  0.3238   2.7214
3     0.5935  0.5345  0.7311  0.4581  0.3452   4.0296
4     0.5537  0.5038  0.7098  0.4798  0.3384   1.4341
5     0.5711  0.5065  0.7117  0.5341  0.3497   8.3814
6     0.5688  0.5191  0.7205  0.4017  0.3400   1.7509
7     0.5840  0.5650  0.7516  0.3982  0.3514   2.1538
8     0.5570  0.5188  0.7203  0.4160  0.3395   2.2587
9     0.5601  0.4949  0.7035  0.5341  0.3428  27.6799
Mean  0.5660  0.5145  0.7171  0.4600  0.3399   5.3684
SD    0.0146  0.0209  0.0144  0.0500  0.0077   7.6950,          MAE     MSE    RMSE      R2   RMSLE     MAPE
0     0.5642  0.5078  0.7126  0.4532  0.3353   1.7849
1     0.5684  0.5070  0.7121  0.5094  0.3332   1.4896
2     0.5389  0.4876  0.6983  0.4154  0.3238   2.7214
3     0.5935  0.5345  0.7311  0.4581  0.3452   4.0296
4     0.5537  0.5038  0.7098  0.4798  0.3384   1.4341
5     0.5711  0.5065  0.7117  0.5341  0.3497   8.3814
6     0.5688  0.5191  0.7205  0.4017  0.3400   1.7509
7     0.5840  0.5650  0.7516  0.3982  0.3514   2.1538
8     0.5570  0.5188  0.7203  0.4160  0.3395   2.2587
9     0.5601  0.4949  0.7035  0.5341  0.3428  27.6799
Mean  0.5660  0.5145  0.7171  0.4600  0.3399   5.3684
SD    0.0146  0.0209  0.0144  0.0500  0.0077   7.6950]
None
False
{'mae': <pycaret.containers.metrics.regression.MAEMetricContainer object at 0x00000113ED8E4CC8>, 'mse': <pycaret.containers.metrics.regression.MSEMetricContainer object at 0x00000113EEAA0DC8>, 'rmse': <pycaret.containers.metrics.regression.RMSEMetricContainer object at 0x00000113EEAA0E48>, 'r2': <pycaret.containers.metrics.regression.R2MetricContainer object at 0x00000113EEAA45C8>, 'rmsle': <pycaret.containers.metrics.regression.RMSLEMetricContainer object at 0x00000113EEAA4608>, 'mape': <pycaret.containers.metrics.regression.MAPEMetricContainer object at 0x00000113EEAA46C8>}
{'lr': <pycaret.containers.models.regression.LinearRegressionContainer object at 0x00000113EE928C08>, 'lasso': <pycaret.containers.models.regression.LassoRegressionContainer object at 0x00000113EE982E08>, 'ridge': <pycaret.containers.models.regression.RidgeRegressionContainer object at 0x00000113EE9800C8>, 'en': <pycaret.containers.models.regression.ElasticNetContainer object at 0x00000113EE980348>, 'lar': <pycaret.containers.models.regression.LarsContainer object at 0x00000113EE980108>, 'llar': <pycaret.containers.models.regression.LassoLarsContainer object at 0x00000113EE980888>, 'omp': <pycaret.containers.models.regression.OrthogonalMatchingPursuitContainer object at 0x00000113EE980B48>, 'br': <pycaret.containers.models.regression.BayesianRidgeContainer object at 0x00000113EE980D88>, 'ard': <pycaret.containers.models.regression.AutomaticRelevanceDeterminationContainer object at 0x00000113EEA97248>, 'par': <pycaret.containers.models.regression.PassiveAggressiveRegressorContainer object at 0x00000113EE980848>, 'ransac': <pycaret.containers.models.regression.RANSACRegressorContainer object at 0x00000113EE982E48>, 'tr': <pycaret.containers.models.regression.TheilSenRegressorContainer object at 0x00000113EEA97BC8>, 'huber': <pycaret.containers.models.regression.HuberRegressorContainer object at 0x00000113EEA97F08>, 'kr': <pycaret.containers.models.regression.KernelRidgeContainer object at 0x00000113EEA9B148>, 'svm': <pycaret.containers.models.regression.SVRContainer object at 0x00000113EEA9B208>, 'knn': <pycaret.containers.models.regression.KNeighborsRegressorContainer object at 0x00000113EE980388>, 'dt': <pycaret.containers.models.regression.DecisionTreeRegressorContainer object at 0x00000113EEA9B648>, 'rf': <pycaret.containers.models.regression.RandomForestRegressorContainer object at 0x00000113EE982608>, 'et': <pycaret.containers.models.regression.ExtraTreesRegressorContainer object at 0x00000113EEA2B9C8>, 'ada': <pycaret.containers.models.regression.AdaBoostRegressorContainer object at 0x00000113EE9A6208>, 'gbr': <pycaret.containers.models.regression.GradientBoostingRegressorContainer object at 0x00000113EE982BC8>, 'mlp': <pycaret.containers.models.regression.MLPRegressorContainer object at 0x00000113EE982CC8>, 'lightgbm': <pycaret.containers.models.regression.LGBMRegressorContainer object at 0x00000113EEAA0CC8>, 'Bagging': <pycaret.containers.models.regression.BaggingRegressorContainer object at 0x00000113EEAA0C88>, 'Stacking': <pycaret.containers.models.regression.StackingRegressorContainer object at 0x00000113EE9A63C8>, 'Voting': <pycaret.containers.models.regression.VotingRegressorContainer object at 0x00000113EEAA04C8>}
         gene2     None     gene9    gene13    gene10  ...      cov2      cov3      cov4       PRS  cov1_1
1478 -0.308942 -0.44070 -0.545392 -0.384380 -0.163950  ...  1.280338 -1.694457  0.358667  0.136383     0.0
4594 -0.308942 -0.44070  2.971239  1.359358 -0.163950  ... -1.095885 -0.158346 -0.806755 -1.213863     0.0
1213 -0.308942 -0.44070  0.129964  4.135406 -0.053091  ... -0.688724  0.486276 -1.127828 -0.191701     0.0
4194  0.104225  0.54494 -0.545392  0.487223 -0.260005  ... -1.828858 -0.696869  1.288834  0.437171     0.0
3063 -0.308942 -0.44070 -0.545392  2.025553 -0.028145  ... -0.879218 -0.162062  1.247050  1.418537     0.0
...        ...      ...       ...       ...       ...  ...       ...       ...       ...       ...     ...
3351 -0.308942 -0.44070 -0.545392 -0.767617 -0.260005  ...  0.307756 -0.141744  0.764707  1.495511     1.0
2020  0.373636 -0.44070 -0.545392 -0.767617 -0.108446  ... -0.187509 -1.822274  1.114503  0.055247     1.0
1167 -0.308942 -0.44070 -0.545392 -0.767617 -0.260005  ...  0.427240 -0.062532  0.283821 -0.342600     0.0
4261 -0.308942 -0.44070  3.034939 -0.767617  0.411976  ... -0.270833  0.700181  1.250065  0.452222     0.0
587  -0.308942 -0.44070  0.131669 -0.384380 -0.260005  ...  0.833964 -1.862778  1.162265  1.068453     0.0

[936 rows x 25 columns]
KFold(n_splits=10, random_state=None, shuffle=False)
{'parameter': 'Hyperparameters', 'residuals': 'Residuals', 'error': 'Prediction Error', 'cooks': 'Cooks Distance', 'rfe': 'Feature Selection', 'learning': 'Learning Curve', 'manifold': 'Manifold Learning', 'vc': 'Validation Curve', 'feature': 'Feature Importance', 'feature_all': 'Feature Importance (All)', 'tree': 'Decision Tree', 'residuals_interactive': 'Interactive Residuals'}
lightgbm
1991
False
False
None
lightgbm
False
R2: 0.5186
RMSE: 0.5143
